[
  {"year": "2020","month": "01","day": "01"},
  {"year": "2020","month": "01","day": "02"},
  {"year": "2020","month": "01","day": "03"},
  {"year": "2020","month": "01","day": "04"},
  {"year": "2020","month": "01","day": "05"},
  {"year": "2020","month": "01","day": "06"},
  {"year": "2020","month": "01","day": "07"},
  {"year": "2020","month": "01","day": "08"},
  {"year": "2020","month": "01","day": "09"},
  {"year": "2020","month": "01","day": "10"},
  {"year": "2020","month": "01","day": "11"},
  {"year": "2020","month": "01","day": "12"},
  {"year": "2020","month": "01","day": "13"},
  {"year": "2020","month": "01","day": "14"},
  {"year": "2020","month": "01","day": "15"},
  {"year": "2020","month": "01","day": "16"},
  {"year": "2020","month": "01","day": "17"},
  {"year": "2020","month": "01","day": "18"},
  {"year": "2020","month": "01","day": "19"},
  {"year": "2020","month": "01","day": "20"},
  {"year": "2020","month": "01","day": "21"},
  {"year": "2020","month": "01","day": "22"},
  {"year": "2020","month": "01","day": "23"},
  {"year": "2020","month": "01","day": "24"},
  {"year": "2020","month": "01","day": "25"},
  {"year": "2020","month": "01","day": "26"},
  {"year": "2020","month": "01","day": "27"},
  {"year": "2020","month": "01","day": "28"},
  {"year": "2020","month": "01","day": "29"},
  {"year": "2020","month": "01","day": "30"},
  {"year": "2020","month": "01","day": "31"},
  {"year": "2020","month": "02","day": "01"},
  {"year": "2020","month": "02","day": "02"},
  {"year": "2020","month": "02","day": "03"},
  {"year": "2020","month": "02","day": "04"},
  {"year": "2020","month": "02","day": "05"},
  {"year": "2020","month": "02","day": "06"},
  {"year": "2020","month": "02","day": "07"},
  {"year": "2020","month": "02","day": "08"},
  {"year": "2020","month": "02","day": "09"},
  {"year": "2020","month": "02","day": "10"},
  {"year": "2020","month": "02","day": "11"},
  {"year": "2020","month": "02","day": "12"},
  {"year": "2020","month": "02","day": "13"},
  {"year": "2020","month": "02","day": "14"},
  {"year": "2020","month": "02","day": "15"},
  {"year": "2020","month": "02","day": "16"},
  {"year": "2020","month": "02","day": "17"},
  {"year": "2020","month": "02","day": "18"},
  {"year": "2020","month": "02","day": "19"},
  {"year": "2020","month": "02","day": "20"},
  {"year": "2020","month": "02","day": "21"},
  {"year": "2020","month": "02","day": "22"},
  {"year": "2020","month": "02","day": "23"},
  {"year": "2020","month": "02","day": "24"},
  {"year": "2020","month": "02","day": "25"},
  {"year": "2020","month": "02","day": "26"},
  {"year": "2020","month": "02","day": "27"},
  {"year": "2020","month": "02","day": "28"},
  {"year": "2020","month": "02","day": "29"},
  {"year": "2020","month": "02","day": "30"},
  {"year": "2020","month": "02","day": "31"},
  {"year": "2020","month": "03","day": "01"},
  {"year": "2020","month": "03","day": "02"},
  {"year": "2020","month": "03","day": "03"},
  {"year": "2020","month": "03","day": "04"},
  {"year": "2020","month": "03","day": "05"},
  {"year": "2020","month": "03","day": "07"},
  {"year": "2020","month": "03","day": "09"},
  {"year": "2020","month": "04","day": "31"},
  {"year": "2020","month": "05","day": "02"},
  {"year": "2020","month": "06","day": "17"},
  {"year": "2020","month": "06","day": "18"},
  {"year": "2020","month": "06","day": "19"},
  {"year": "2020","month": "06","day": "20"},
  {"year": "2020","month": "06","day": "21"},
  {"year": "2020","month": "06","day": "28"},
  {"year": "2020","month": "06","day": "31"},
  {"year": "2020","month": "07","day": "04"},
  {"year": "2020","month": "07","day": "09"},
  {"year": "2020","month": "07","day": "12"},
  {"year": "2020","month": "08","day": "09"},
  {"year": "2020","month": "08","day": "10"},
  {"year": "2020","month": "08","day": "20"},
  {"year": "2020","month": "09","day": "15"},
  {"year": "2020","month": "09","day": "31"},
  {"year": "2020","month": "10","day": "27"},
  {"year": "2020","month": "10","day": "28"},
  {"year": "2020","month": "10","day": "29"},
  {"year": "2020","month": "10","day": "30"},
  {"year": "2020","month": "10","day": "31"},
  {"year": "2020","month": "11","day": "01"},
  {"year": "2020","month": "11","day": "02"},
  {"year": "2020","month": "11","day": "03"},
  {"year": "2020","month": "11","day": "04"},
  {"year": "2020","month": "11","day": "05"},
  {"year": "2020","month": "11","day": "06"},
  {"year": "2020","month": "11","day": "07"},
  {"year": "2020","month": "11","day": "08"},
  {"year": "2020","month": "11","day": "09"},
  {"year": "2020","month": "11","day": "10"},
  {"year": "2020","month": "11","day": "11"},
  {"year": "2020","month": "11","day": "12"},
  {"year": "2020","month": "11","day": "13"},
  {"year": "2020","month": "11","day": "14"},
  {"year": "2020","month": "11","day": "15"},
  {"year": "2020","month": "11","day": "16"},
  {"year": "2020","month": "11","day": "17"},
  {"year": "2020","month": "11","day": "18"},
  {"year": "2020","month": "11","day": "19"},
  {"year": "2020","month": "11","day": "20"},
  {"year": "2020","month": "11","day": "21"},
  {"year": "2020","month": "11","day": "22"},
  {"year": "2020","month": "11","day": "23"},
  {"year": "2020","month": "11","day": "24"},
  {"year": "2020","month": "11","day": "25"},
  {"year": "2020","month": "11","day": "26"},
  {"year": "2020","month": "11","day": "27"},
  {"year": "2020","month": "11","day": "28"},
  {"year": "2020","month": "11","day": "29"},
  {"year": "2020","month": "11","day": "30"},
  {"year": "2020","month": "11","day": "31"},
  {"year": "2020","month": "12","day": "01"},
  {"year": "2020","month": "12","day": "02"},
  {"year": "2020","month": "12","day": "03"},
  {"year": "2020","month": "12","day": "04"},
  {"year": "2020","month": "12","day": "05"},
  {"year": "2020","month": "12","day": "06"},
  {"year": "2020","month": "12","day": "07"},
  {"year": "2020","month": "12","day": "08"},
  {"year": "2020","month": "12","day": "09"},
  {"year": "2020","month": "12","day": "10"},
  {"year": "2020","month": "12","day": "11"},
  {"year": "2020","month": "12","day": "12"},
  {"year": "2020","month": "12","day": "13"},
  {"year": "2020","month": "12","day": "14"},
  {"year": "2020","month": "12","day": "15"},
  {"year": "2020","month": "12","day": "16"},
  {"year": "2020","month": "12","day": "17"},
  {"year": "2020","month": "12","day": "18"},
  {"year": "2020","month": "12","day": "19"},
  {"year": "2020","month": "12","day": "20"},
  {"year": "2020","month": "12","day": "21"},
  {"year": "2020","month": "12","day": "22"},
  {"year": "2020","month": "12","day": "23"},
  {"year": "2020","month": "12","day": "24"},
  {"year": "2020","month": "12","day": "25"},
  {"year": "2020","month": "12","day": "26"},
  {"year": "2020","month": "12","day": "27"},
  {"year": "2020","month": "12","day": "28"},
  {"year": "2020","month": "12","day": "29"},
  {"year": "2020","month": "12","day": "30"},
  {"year": "2020","month": "12","day": "31"
  }
]
